\BOOKMARK [0][-]{chapter*.1}{Lista de figuras}{}% 1
\BOOKMARK [0][-]{chapter*.2}{Lista de tablas}{}% 2
\BOOKMARK [0][-]{chapter.1}{MARCO TE\323RICO}{}% 3
\BOOKMARK [1][-]{section.1.1}{CA\315DA DE TENSI\323N CON GENERACI\323N DISTRIBUIDA}{chapter.1}% 4
\BOOKMARK [2][-]{subsection.1.1.1}{Caso cr\355tico carga m\355nima y m\341xima generaci\363n }{section.1.1}% 5
\BOOKMARK [2][-]{subsection.1.1.2}{Caso critico m\341xima carga y m\355nima generaci\363n }{section.1.1}% 6
\BOOKMARK [2][-]{subsection.1.1.3}{Dependencia del factor R/X}{section.1.1}% 7
\BOOKMARK [1][-]{section.1.2}{ELEMENTOS DE CONTROL DE TENSI\323N}{chapter.1}% 8
\BOOKMARK [2][-]{subsection.1.2.1}{Cambiador de Taps bajo Carga}{section.1.2}% 9
\BOOKMARK [2][-]{subsection.1.2.2}{Regulador de Tensi\363n}{section.1.2}% 10
\BOOKMARK [2][-]{subsection.1.2.3}{Compensador de Var Sincrono}{section.1.2}% 11
\BOOKMARK [2][-]{subsection.1.2.4}{Generadores Fotovoltaicos }{section.1.2}% 12
\BOOKMARK [2][-]{subsection.1.2.5}{Transformador inteligente \(Small Transformer\)}{section.1.2}% 13
\BOOKMARK [2][-]{subsection.1.2.6}{Convertidores de Potencia}{section.1.2}% 14
\BOOKMARK [2][-]{subsection.1.2.7}{Conversores back to back}{section.1.2}% 15
\BOOKMARK [0][-]{chapter.2}{CLASIFICACI\323N DE MATERIAL BIBLIOGR\301FICO}{}% 16
\BOOKMARK [0][-]{chapter.3}{AN\301LISIS DOCUMENTAL}{}% 17
\BOOKMARK [1][-]{section.3.1}{CONTROL DE TENSI\323N CON FUENTES FOTOVOLTAICAS}{chapter.3}% 18
\BOOKMARK [1][-]{section.3.2}{PLANEAMIENTO DE LA RED}{chapter.3}% 19
\BOOKMARK [1][-]{section.3.3}{RE CONEXI\323N DE CIRCUITOS DE DISTRIBUCI\323N}{chapter.3}% 20
\BOOKMARK [1][-]{section.3.4}{CONTROL LOCAL}{chapter.3}% 21
\BOOKMARK [1][-]{section.3.5}{CONTROL CENTRALIZADO}{chapter.3}% 22
\BOOKMARK [1][-]{section.3.6}{CAPACIDAD DE ALOJAMIENTO \(HOSTING CAPACITY\)}{chapter.3}% 23
\BOOKMARK [0][-]{chapter.4}{RESULTADOS DE INVESTIGACI\323N}{}% 24
