\BOOKMARK [0][-]{chapter.1}{MARCO TE\323RICO}{}% 1
\BOOKMARK [1][-]{section.1.1}{CAIDA DE TENSI\323N CON GENERACI\323N DISTRIBUIDA}{chapter.1}% 2
\BOOKMARK [2][-]{subsection.1.1.1}{Caso cr\355tico \( carga m\355nima y m\341xima generaci\363n \) }{section.1.1}% 3
\BOOKMARK [2][-]{subsection.1.1.2}{Caso critico m\341xima carga y m\355nima generaci\363n }{section.1.1}% 4
\BOOKMARK [2][-]{subsection.1.1.3}{Dependencia del factor R/X}{section.1.1}% 5
\BOOKMARK [1][-]{section.1.2}{ELEMENTOS DE CONTROL DE TENSI\323N}{chapter.1}% 6
\BOOKMARK [2][-]{subsection.1.2.1}{CAMBIADOR DE TAPS BAJO CARGA \( ON LOAD TAP CHANGER OLTC\)}{section.1.2}% 7
\BOOKMARK [1][-]{section.1.3}{REGULADOR DE TENSI\323N}{chapter.1}% 8
\BOOKMARK [1][-]{section.1.4}{CONVERSORES DE POTENCIA}{chapter.1}% 9
\BOOKMARK [2][-]{subsection.1.4.1}{Inversores}{section.1.4}% 10
\BOOKMARK [2][-]{subsection.1.4.2}{Conversores back to back}{section.1.4}% 11
\BOOKMARK [0][-]{chapter.2}{TOPICOS DE INVESTIGACI\323N}{}% 12
\BOOKMARK [1][-]{section.2.1}{RECONEXION DE CIRCUITOS DE DISTRIBUCI\323N}{chapter.2}% 13
\BOOKMARK [1][-]{section.2.2}{CONTROL LOCAL}{chapter.2}% 14
\BOOKMARK [1][-]{section.2.3}{CONTROL CENTRALIZADO}{chapter.2}% 15
\BOOKMARK [1][-]{section.2.4}{CAPACIDAD DE ALOJAMINTO \(HOSTING CAPACITY\)}{chapter.2}% 16
\BOOKMARK [0][-]{chapter.3}{METODOLOGIA}{}% 17
\BOOKMARK [1][-]{section.3.1}{PLANIFICACION Y DISE\321O}{chapter.3}% 18
\BOOKMARK [1][-]{section.3.2}{GESTION Y ANALISIS}{chapter.3}% 19
\BOOKMARK [1][-]{section.3.3}{FORMALIZACION Y ELABORACION}{chapter.3}% 20
\BOOKMARK [0][-]{chapter.4}{FRONTERAS DE INVESTIGACION}{}% 21
