\BOOKMARK [0][-]{chapter*.1}{Lista de figuras}{}% 1
\BOOKMARK [0][-]{chapter*.2}{Lista de tablas}{}% 2
\BOOKMARK [0][-]{chapter.1}{MARCO TE\323RICO}{}% 3
\BOOKMARK [1][-]{section.1.1}{CA\315DA DE TENSI\323N CON GENERACI\323N DISTRIBUIDA}{chapter.1}% 4
\BOOKMARK [2][-]{subsection.1.1.1}{Caso cr\355tico \( carga m\355nima y m\341xima generaci\363n \) }{section.1.1}% 5
\BOOKMARK [2][-]{subsection.1.1.2}{Caso critico m\341xima carga y m\355nima generaci\363n }{section.1.1}% 6
\BOOKMARK [2][-]{subsection.1.1.3}{Dependencia del factor R/X}{section.1.1}% 7
\BOOKMARK [1][-]{section.1.2}{ELEMENTOS DE CONTROL DE TENSI\323N}{chapter.1}% 8
\BOOKMARK [2][-]{subsection.1.2.1}{CAMBIADOR DE TAPS BAJO CARGA \( ON LOAD TAP CHANGER OLTC\)}{section.1.2}% 9
\BOOKMARK [1][-]{section.1.3}{REGULADOR DE TENSI\323N}{chapter.1}% 10
\BOOKMARK [1][-]{section.1.4}{CONVERSORES DE POTENCIA}{chapter.1}% 11
\BOOKMARK [2][-]{subsection.1.4.1}{Inversores}{section.1.4}% 12
\BOOKMARK [2][-]{subsection.1.4.2}{Conversores back to back}{section.1.4}% 13
\BOOKMARK [0][-]{chapter.2}{}{}% 14
\BOOKMARK [0][-]{chapter.2}{CLASIFICACI\323N DE MATERIAL BIBLIOGR\301FICO}{}% 15
\BOOKMARK [1][-]{section.2.1}{}{chapter.2}% 16
\BOOKMARK [1][-]{section.2.1}{}{chapter.2}% 17
\BOOKMARK [1][-]{section.2.1}{}{chapter.2}% 18
\BOOKMARK [1][-]{section.2.1}{}{chapter.2}% 19
\BOOKMARK [0][-]{chapter.3}{AN\301LISIS DOCUMENTAL}{}% 20
\BOOKMARK [1][-]{section.3.1}{CONTROL DE TENSION CON FUENTES FOTOVOLTAICAS}{chapter.3}% 21
\BOOKMARK [1][-]{section.3.2}{RE CONEXI\323N DE CIRCUITOS DE DISTRIBUCI\323N}{chapter.3}% 22
\BOOKMARK [1][-]{section.3.3}{CONTROL LOCAL}{chapter.3}% 23
\BOOKMARK [1][-]{section.3.4}{CONTROL CENTRALIZADO}{chapter.3}% 24
\BOOKMARK [1][-]{section.3.5}{CAPACIDAD DE ALOJAMINTO \(HOSTING CAPACITY\)}{chapter.3}% 25
\BOOKMARK [0][-]{chapter.4}{RESULTADOS DE INVESTIGACI\323N}{}% 26
